The system is: Linux - 3.10.0-1127.18.2.el7.x86_64 - x86_64
Compiling the CXX compiler identification source file "CMakeCXXCompilerId.cpp" succeeded.
Compiler: /cvmfs/cp3.uclouvain.be/gcc/gcc-7.3.0-sl7_amd64_gcc48/bin/c++ 
Build flags: 
Id flags:  

The output was:
0


Compilation of the CXX compiler identification source "CMakeCXXCompilerId.cpp" produced "a.out"

The CXX compiler identification is GNU, found in "/home/ucl/cp3/fbury/HHMEM/MEMWeight/MatrixElements/ttbar_semiLeptonic_WPlusHadronic/build/CMakeFiles/3.9.6/CompilerIdCXX/a.out"

Determining if the CXX compiler works passed with the following output:
Change Dir: /home/ucl/cp3/fbury/HHMEM/MEMWeight/MatrixElements/ttbar_semiLeptonic_WPlusHadronic/build/CMakeFiles/CMakeTmp

Run Build Command:"/usr/bin/gmake" "cmTC_26744/fast"
/usr/bin/gmake -f CMakeFiles/cmTC_26744.dir/build.make CMakeFiles/cmTC_26744.dir/build
gmake[1] : on entre dans le répertoire « /home/users/f/b/fbury/HHMEM/MEMWeight/MatrixElements/ttbar_semiLeptonic_WPlusHadronic/build/CMakeFiles/CMakeTmp »
Building CXX object CMakeFiles/cmTC_26744.dir/testCXXCompiler.cxx.o
/cvmfs/cp3.uclouvain.be/gcc/gcc-7.3.0-sl7_amd64_gcc48/bin/c++     -o CMakeFiles/cmTC_26744.dir/testCXXCompiler.cxx.o -c /home/ucl/cp3/fbury/HHMEM/MEMWeight/MatrixElements/ttbar_semiLeptonic_WPlusHadronic/build/CMakeFiles/CMakeTmp/testCXXCompiler.cxx
Linking CXX executable cmTC_26744
/cvmfs/cp3.uclouvain.be/cmake/cmake-3.9.6-Linux-x86_64/bin/cmake -E cmake_link_script CMakeFiles/cmTC_26744.dir/link.txt --verbose=1
/cvmfs/cp3.uclouvain.be/gcc/gcc-7.3.0-sl7_amd64_gcc48/bin/c++       -rdynamic CMakeFiles/cmTC_26744.dir/testCXXCompiler.cxx.o  -o cmTC_26744 
gmake[1] : on quitte le répertoire « /home/users/f/b/fbury/HHMEM/MEMWeight/MatrixElements/ttbar_semiLeptonic_WPlusHadronic/build/CMakeFiles/CMakeTmp »


Detecting CXX compiler ABI info compiled with the following output:
Change Dir: /home/ucl/cp3/fbury/HHMEM/MEMWeight/MatrixElements/ttbar_semiLeptonic_WPlusHadronic/build/CMakeFiles/CMakeTmp

Run Build Command:"/usr/bin/gmake" "cmTC_eca2e/fast"
/usr/bin/gmake -f CMakeFiles/cmTC_eca2e.dir/build.make CMakeFiles/cmTC_eca2e.dir/build
gmake[1] : on entre dans le répertoire « /home/users/f/b/fbury/HHMEM/MEMWeight/MatrixElements/ttbar_semiLeptonic_WPlusHadronic/build/CMakeFiles/CMakeTmp »
gmake[1]: AVERTISSEMENT : le fichier « CMakeFiles/cmTC_eca2e.dir/progress.make » a une date de modification 0,00013 s dans le futur
Building CXX object CMakeFiles/cmTC_eca2e.dir/CMakeCXXCompilerABI.cpp.o
/cvmfs/cp3.uclouvain.be/gcc/gcc-7.3.0-sl7_amd64_gcc48/bin/c++     -o CMakeFiles/cmTC_eca2e.dir/CMakeCXXCompilerABI.cpp.o -c /cvmfs/cp3.uclouvain.be/cmake/cmake-3.9.6-Linux-x86_64/share/cmake-3.9/Modules/CMakeCXXCompilerABI.cpp
Linking CXX executable cmTC_eca2e
/cvmfs/cp3.uclouvain.be/cmake/cmake-3.9.6-Linux-x86_64/bin/cmake -E cmake_link_script CMakeFiles/cmTC_eca2e.dir/link.txt --verbose=1
/cvmfs/cp3.uclouvain.be/gcc/gcc-7.3.0-sl7_amd64_gcc48/bin/c++      -v -rdynamic CMakeFiles/cmTC_eca2e.dir/CMakeCXXCompilerABI.cpp.o  -o cmTC_eca2e 
Utilisation des specs internes.
COLLECT_GCC=/cvmfs/cp3.uclouvain.be/gcc/gcc-7.3.0-sl7_amd64_gcc48/bin/c++
COLLECT_LTO_WRAPPER=/cvmfs/cp3.uclouvain.be/gcc/gcc-7.3.0-sl7_amd64_gcc48/libexec/gcc/x86_64-pc-linux-gnu/7.3.0/lto-wrapper
Cible : x86_64-pc-linux-gnu
Configuré avec: ../gcc-7.3.0/configure --prefix=/cvmfs/cp3.uclouvain.be/gcc/gcc-7.3.0-sl7_amd64_gcc48 --disable-multilib --enable-languages=c,c++,fortran
Modèle de thread: posix
gcc version 7.3.0 (GCC) 
COMPILER_PATH=/cvmfs/cp3.uclouvain.be/gcc/gcc-7.3.0-sl7_amd64_gcc48/libexec/gcc/x86_64-pc-linux-gnu/7.3.0/:/cvmfs/cp3.uclouvain.be/gcc/gcc-7.3.0-sl7_amd64_gcc48/libexec/gcc/x86_64-pc-linux-gnu/7.3.0/:/cvmfs/cp3.uclouvain.be/gcc/gcc-7.3.0-sl7_amd64_gcc48/libexec/gcc/x86_64-pc-linux-gnu/:/cvmfs/cp3.uclouvain.be/gcc/gcc-7.3.0-sl7_amd64_gcc48/lib/gcc/x86_64-pc-linux-gnu/7.3.0/:/cvmfs/cp3.uclouvain.be/gcc/gcc-7.3.0-sl7_amd64_gcc48/lib/gcc/x86_64-pc-linux-gnu/
LIBRARY_PATH=/home/ucl/cp3/fbury/.local/lib/../lib64/:/cvmfs/cp3.uclouvain.be/gcc/gcc-7.3.0-sl7_amd64_gcc48/lib/gcc/x86_64-pc-linux-gnu/7.3.0/:/cvmfs/cp3.uclouvain.be/gcc/gcc-7.3.0-sl7_amd64_gcc48/lib/gcc/x86_64-pc-linux-gnu/7.3.0/../../../../lib64/:/lib/../lib64/:/usr/lib/../lib64/:/home/ucl/cp3/fbury/.local/lib/:./:/cvmfs/cp3.uclouvain.be/gcc/gcc-7.3.0-sl7_amd64_gcc48/lib/gcc/x86_64-pc-linux-gnu/7.3.0/../../../:/lib/:/usr/lib/
COLLECT_GCC_OPTIONS='-v' '-rdynamic' '-o' 'cmTC_eca2e' '-shared-libgcc' '-mtune=generic' '-march=x86-64'
 /cvmfs/cp3.uclouvain.be/gcc/gcc-7.3.0-sl7_amd64_gcc48/libexec/gcc/x86_64-pc-linux-gnu/7.3.0/collect2 -plugin /cvmfs/cp3.uclouvain.be/gcc/gcc-7.3.0-sl7_amd64_gcc48/libexec/gcc/x86_64-pc-linux-gnu/7.3.0/liblto_plugin.so -plugin-opt=/cvmfs/cp3.uclouvain.be/gcc/gcc-7.3.0-sl7_amd64_gcc48/libexec/gcc/x86_64-pc-linux-gnu/7.3.0/lto-wrapper -plugin-opt=-fresolution=/nfs/scratch/fynu/fbury/ccfvF7MS.res -plugin-opt=-pass-through=-lgcc_s -plugin-opt=-pass-through=-lgcc -plugin-opt=-pass-through=-lc -plugin-opt=-pass-through=-lgcc_s -plugin-opt=-pass-through=-lgcc --eh-frame-hdr -m elf_x86_64 -export-dynamic -dynamic-linker /lib64/ld-linux-x86-64.so.2 -o cmTC_eca2e /lib/../lib64/crt1.o /lib/../lib64/crti.o /cvmfs/cp3.uclouvain.be/gcc/gcc-7.3.0-sl7_amd64_gcc48/lib/gcc/x86_64-pc-linux-gnu/7.3.0/crtbegin.o -L/home/ucl/cp3/fbury/.local/lib/../lib64 -L/cvmfs/cp3.uclouvain.be/gcc/gcc-7.3.0-sl7_amd64_gcc48/lib/gcc/x86_64-pc-linux-gnu/7.3.0 -L/cvmfs/cp3.uclouvain.be/gcc/gcc-7.3.0-sl7_amd64_gcc48/lib/gcc/x86_64-pc-linux-gnu/7.3.0/../../../../lib64 -L/lib/../lib64 -L/usr/lib/../lib64 -L/home/ucl/cp3/fbury/.local/lib -L. -L/cvmfs/cp3.uclouvain.be/gcc/gcc-7.3.0-sl7_amd64_gcc48/lib/gcc/x86_64-pc-linux-gnu/7.3.0/../../.. CMakeFiles/cmTC_eca2e.dir/CMakeCXXCompilerABI.cpp.o -lstdc++ -lm -lgcc_s -lgcc -lc -lgcc_s -lgcc /cvmfs/cp3.uclouvain.be/gcc/gcc-7.3.0-sl7_amd64_gcc48/lib/gcc/x86_64-pc-linux-gnu/7.3.0/crtend.o /lib/../lib64/crtn.o
COLLECT_GCC_OPTIONS='-v' '-rdynamic' '-o' 'cmTC_eca2e' '-shared-libgcc' '-mtune=generic' '-march=x86-64'
gmake[1]: AVERTISSEMENT : décalage d'horloge détecté. La construction peut être incomplète.
gmake[1] : on quitte le répertoire « /home/users/f/b/fbury/HHMEM/MEMWeight/MatrixElements/ttbar_semiLeptonic_WPlusHadronic/build/CMakeFiles/CMakeTmp »


Parsed CXX implicit link information from above output:
  link line regex: [^( *|.*[/\])(ld|CMAKE_LINK_STARTFILE-NOTFOUND|([^/\]+-)?ld|collect2)[^/\]*( |$)]
  ignore line: [Change Dir: /home/ucl/cp3/fbury/HHMEM/MEMWeight/MatrixElements/ttbar_semiLeptonic_WPlusHadronic/build/CMakeFiles/CMakeTmp]
  ignore line: []
  ignore line: [Run Build Command:"/usr/bin/gmake" "cmTC_eca2e/fast"]
  ignore line: [/usr/bin/gmake -f CMakeFiles/cmTC_eca2e.dir/build.make CMakeFiles/cmTC_eca2e.dir/build]
  ignore line: [gmake[1] : on entre dans le répertoire « /home/users/f/b/fbury/HHMEM/MEMWeight/MatrixElements/ttbar_semiLeptonic_WPlusHadronic/build/CMakeFiles/CMakeTmp »]
  ignore line: [gmake[1]: AVERTISSEMENT : le fichier « CMakeFiles/cmTC_eca2e.dir/progress.make » a une date de modification 0,00013 s dans le futur]
  ignore line: [Building CXX object CMakeFiles/cmTC_eca2e.dir/CMakeCXXCompilerABI.cpp.o]
  ignore line: [/cvmfs/cp3.uclouvain.be/gcc/gcc-7.3.0-sl7_amd64_gcc48/bin/c++     -o CMakeFiles/cmTC_eca2e.dir/CMakeCXXCompilerABI.cpp.o -c /cvmfs/cp3.uclouvain.be/cmake/cmake-3.9.6-Linux-x86_64/share/cmake-3.9/Modules/CMakeCXXCompilerABI.cpp]
  ignore line: [Linking CXX executable cmTC_eca2e]
  ignore line: [/cvmfs/cp3.uclouvain.be/cmake/cmake-3.9.6-Linux-x86_64/bin/cmake -E cmake_link_script CMakeFiles/cmTC_eca2e.dir/link.txt --verbose=1]
  ignore line: [/cvmfs/cp3.uclouvain.be/gcc/gcc-7.3.0-sl7_amd64_gcc48/bin/c++      -v -rdynamic CMakeFiles/cmTC_eca2e.dir/CMakeCXXCompilerABI.cpp.o  -o cmTC_eca2e ]
  ignore line: [Utilisation des specs internes.]
  ignore line: [COLLECT_GCC=/cvmfs/cp3.uclouvain.be/gcc/gcc-7.3.0-sl7_amd64_gcc48/bin/c++]
  ignore line: [COLLECT_LTO_WRAPPER=/cvmfs/cp3.uclouvain.be/gcc/gcc-7.3.0-sl7_amd64_gcc48/libexec/gcc/x86_64-pc-linux-gnu/7.3.0/lto-wrapper]
  ignore line: [Cible : x86_64-pc-linux-gnu]
  ignore line: [Configuré avec: ../gcc-7.3.0/configure --prefix=/cvmfs/cp3.uclouvain.be/gcc/gcc-7.3.0-sl7_amd64_gcc48 --disable-multilib --enable-languages=c,c++,fortran]
  ignore line: [Modèle de thread: posix]
  ignore line: [gcc version 7.3.0 (GCC) ]
  ignore line: [COMPILER_PATH=/cvmfs/cp3.uclouvain.be/gcc/gcc-7.3.0-sl7_amd64_gcc48/libexec/gcc/x86_64-pc-linux-gnu/7.3.0/:/cvmfs/cp3.uclouvain.be/gcc/gcc-7.3.0-sl7_amd64_gcc48/libexec/gcc/x86_64-pc-linux-gnu/7.3.0/:/cvmfs/cp3.uclouvain.be/gcc/gcc-7.3.0-sl7_amd64_gcc48/libexec/gcc/x86_64-pc-linux-gnu/:/cvmfs/cp3.uclouvain.be/gcc/gcc-7.3.0-sl7_amd64_gcc48/lib/gcc/x86_64-pc-linux-gnu/7.3.0/:/cvmfs/cp3.uclouvain.be/gcc/gcc-7.3.0-sl7_amd64_gcc48/lib/gcc/x86_64-pc-linux-gnu/]
  ignore line: [LIBRARY_PATH=/home/ucl/cp3/fbury/.local/lib/../lib64/:/cvmfs/cp3.uclouvain.be/gcc/gcc-7.3.0-sl7_amd64_gcc48/lib/gcc/x86_64-pc-linux-gnu/7.3.0/:/cvmfs/cp3.uclouvain.be/gcc/gcc-7.3.0-sl7_amd64_gcc48/lib/gcc/x86_64-pc-linux-gnu/7.3.0/../../../../lib64/:/lib/../lib64/:/usr/lib/../lib64/:/home/ucl/cp3/fbury/.local/lib/:./:/cvmfs/cp3.uclouvain.be/gcc/gcc-7.3.0-sl7_amd64_gcc48/lib/gcc/x86_64-pc-linux-gnu/7.3.0/../../../:/lib/:/usr/lib/]
  ignore line: [COLLECT_GCC_OPTIONS='-v' '-rdynamic' '-o' 'cmTC_eca2e' '-shared-libgcc' '-mtune=generic' '-march=x86-64']
  link line: [ /cvmfs/cp3.uclouvain.be/gcc/gcc-7.3.0-sl7_amd64_gcc48/libexec/gcc/x86_64-pc-linux-gnu/7.3.0/collect2 -plugin /cvmfs/cp3.uclouvain.be/gcc/gcc-7.3.0-sl7_amd64_gcc48/libexec/gcc/x86_64-pc-linux-gnu/7.3.0/liblto_plugin.so -plugin-opt=/cvmfs/cp3.uclouvain.be/gcc/gcc-7.3.0-sl7_amd64_gcc48/libexec/gcc/x86_64-pc-linux-gnu/7.3.0/lto-wrapper -plugin-opt=-fresolution=/nfs/scratch/fynu/fbury/ccfvF7MS.res -plugin-opt=-pass-through=-lgcc_s -plugin-opt=-pass-through=-lgcc -plugin-opt=-pass-through=-lc -plugin-opt=-pass-through=-lgcc_s -plugin-opt=-pass-through=-lgcc --eh-frame-hdr -m elf_x86_64 -export-dynamic -dynamic-linker /lib64/ld-linux-x86-64.so.2 -o cmTC_eca2e /lib/../lib64/crt1.o /lib/../lib64/crti.o /cvmfs/cp3.uclouvain.be/gcc/gcc-7.3.0-sl7_amd64_gcc48/lib/gcc/x86_64-pc-linux-gnu/7.3.0/crtbegin.o -L/home/ucl/cp3/fbury/.local/lib/../lib64 -L/cvmfs/cp3.uclouvain.be/gcc/gcc-7.3.0-sl7_amd64_gcc48/lib/gcc/x86_64-pc-linux-gnu/7.3.0 -L/cvmfs/cp3.uclouvain.be/gcc/gcc-7.3.0-sl7_amd64_gcc48/lib/gcc/x86_64-pc-linux-gnu/7.3.0/../../../../lib64 -L/lib/../lib64 -L/usr/lib/../lib64 -L/home/ucl/cp3/fbury/.local/lib -L. -L/cvmfs/cp3.uclouvain.be/gcc/gcc-7.3.0-sl7_amd64_gcc48/lib/gcc/x86_64-pc-linux-gnu/7.3.0/../../.. CMakeFiles/cmTC_eca2e.dir/CMakeCXXCompilerABI.cpp.o -lstdc++ -lm -lgcc_s -lgcc -lc -lgcc_s -lgcc /cvmfs/cp3.uclouvain.be/gcc/gcc-7.3.0-sl7_amd64_gcc48/lib/gcc/x86_64-pc-linux-gnu/7.3.0/crtend.o /lib/../lib64/crtn.o]
    arg [/cvmfs/cp3.uclouvain.be/gcc/gcc-7.3.0-sl7_amd64_gcc48/libexec/gcc/x86_64-pc-linux-gnu/7.3.0/collect2] ==> ignore
    arg [-plugin] ==> ignore
    arg [/cvmfs/cp3.uclouvain.be/gcc/gcc-7.3.0-sl7_amd64_gcc48/libexec/gcc/x86_64-pc-linux-gnu/7.3.0/liblto_plugin.so] ==> ignore
    arg [-plugin-opt=/cvmfs/cp3.uclouvain.be/gcc/gcc-7.3.0-sl7_amd64_gcc48/libexec/gcc/x86_64-pc-linux-gnu/7.3.0/lto-wrapper] ==> ignore
    arg [-plugin-opt=-fresolution=/nfs/scratch/fynu/fbury/ccfvF7MS.res] ==> ignore
    arg [-plugin-opt=-pass-through=-lgcc_s] ==> ignore
    arg [-plugin-opt=-pass-through=-lgcc] ==> ignore
    arg [-plugin-opt=-pass-through=-lc] ==> ignore
    arg [-plugin-opt=-pass-through=-lgcc_s] ==> ignore
    arg [-plugin-opt=-pass-through=-lgcc] ==> ignore
    arg [--eh-frame-hdr] ==> ignore
    arg [-m] ==> ignore
    arg [elf_x86_64] ==> ignore
    arg [-export-dynamic] ==> ignore
    arg [-dynamic-linker] ==> ignore
    arg [/lib64/ld-linux-x86-64.so.2] ==> ignore
    arg [-o] ==> ignore
    arg [cmTC_eca2e] ==> ignore
    arg [/lib/../lib64/crt1.o] ==> ignore
    arg [/lib/../lib64/crti.o] ==> ignore
    arg [/cvmfs/cp3.uclouvain.be/gcc/gcc-7.3.0-sl7_amd64_gcc48/lib/gcc/x86_64-pc-linux-gnu/7.3.0/crtbegin.o] ==> ignore
    arg [-L/home/ucl/cp3/fbury/.local/lib/../lib64] ==> dir [/home/ucl/cp3/fbury/.local/lib/../lib64]
    arg [-L/cvmfs/cp3.uclouvain.be/gcc/gcc-7.3.0-sl7_amd64_gcc48/lib/gcc/x86_64-pc-linux-gnu/7.3.0] ==> dir [/cvmfs/cp3.uclouvain.be/gcc/gcc-7.3.0-sl7_amd64_gcc48/lib/gcc/x86_64-pc-linux-gnu/7.3.0]
    arg [-L/cvmfs/cp3.uclouvain.be/gcc/gcc-7.3.0-sl7_amd64_gcc48/lib/gcc/x86_64-pc-linux-gnu/7.3.0/../../../../lib64] ==> dir [/cvmfs/cp3.uclouvain.be/gcc/gcc-7.3.0-sl7_amd64_gcc48/lib/gcc/x86_64-pc-linux-gnu/7.3.0/../../../../lib64]
    arg [-L/lib/../lib64] ==> dir [/lib/../lib64]
    arg [-L/usr/lib/../lib64] ==> dir [/usr/lib/../lib64]
    arg [-L/home/ucl/cp3/fbury/.local/lib] ==> dir [/home/ucl/cp3/fbury/.local/lib]
    arg [-L.] ==> ignore
    arg [-L/cvmfs/cp3.uclouvain.be/gcc/gcc-7.3.0-sl7_amd64_gcc48/lib/gcc/x86_64-pc-linux-gnu/7.3.0/../../..] ==> dir [/cvmfs/cp3.uclouvain.be/gcc/gcc-7.3.0-sl7_amd64_gcc48/lib/gcc/x86_64-pc-linux-gnu/7.3.0/../../..]
    arg [CMakeFiles/cmTC_eca2e.dir/CMakeCXXCompilerABI.cpp.o] ==> ignore
    arg [-lstdc++] ==> lib [stdc++]
    arg [-lm] ==> lib [m]
    arg [-lgcc_s] ==> lib [gcc_s]
    arg [-lgcc] ==> lib [gcc]
    arg [-lc] ==> lib [c]
    arg [-lgcc_s] ==> lib [gcc_s]
    arg [-lgcc] ==> lib [gcc]
    arg [/cvmfs/cp3.uclouvain.be/gcc/gcc-7.3.0-sl7_amd64_gcc48/lib/gcc/x86_64-pc-linux-gnu/7.3.0/crtend.o] ==> ignore
    arg [/lib/../lib64/crtn.o] ==> ignore
  collapse library dir [/home/ucl/cp3/fbury/.local/lib/../lib64] ==> [/home/ucl/cp3/fbury/.local/lib64]
  collapse library dir [/cvmfs/cp3.uclouvain.be/gcc/gcc-7.3.0-sl7_amd64_gcc48/lib/gcc/x86_64-pc-linux-gnu/7.3.0] ==> [/cvmfs/cp3.uclouvain.be/gcc/gcc-7.3.0-sl7_amd64_gcc48/lib/gcc/x86_64-pc-linux-gnu/7.3.0]
  collapse library dir [/cvmfs/cp3.uclouvain.be/gcc/gcc-7.3.0-sl7_amd64_gcc48/lib/gcc/x86_64-pc-linux-gnu/7.3.0/../../../../lib64] ==> [/cvmfs/cp3.uclouvain.be/gcc/gcc-7.3.0-sl7_amd64_gcc48/lib64]
  collapse library dir [/lib/../lib64] ==> [/lib64]
  collapse library dir [/usr/lib/../lib64] ==> [/usr/lib64]
  collapse library dir [/home/ucl/cp3/fbury/.local/lib] ==> [/home/ucl/cp3/fbury/.local/lib]
  collapse library dir [/cvmfs/cp3.uclouvain.be/gcc/gcc-7.3.0-sl7_amd64_gcc48/lib/gcc/x86_64-pc-linux-gnu/7.3.0/../../..] ==> [/cvmfs/cp3.uclouvain.be/gcc/gcc-7.3.0-sl7_amd64_gcc48/lib]
  implicit libs: [stdc++;m;gcc_s;gcc;c;gcc_s;gcc]
  implicit dirs: [/home/ucl/cp3/fbury/.local/lib64;/cvmfs/cp3.uclouvain.be/gcc/gcc-7.3.0-sl7_amd64_gcc48/lib/gcc/x86_64-pc-linux-gnu/7.3.0;/cvmfs/cp3.uclouvain.be/gcc/gcc-7.3.0-sl7_amd64_gcc48/lib64;/lib64;/usr/lib64;/home/ucl/cp3/fbury/.local/lib;/cvmfs/cp3.uclouvain.be/gcc/gcc-7.3.0-sl7_amd64_gcc48/lib]
  implicit fwks: []




Detecting CXX [-std=c++1z] compiler features compiled with the following output:
Change Dir: /home/ucl/cp3/fbury/HHMEM/MEMWeight/MatrixElements/ttbar_semiLeptonic_WPlusHadronic/build/CMakeFiles/CMakeTmp

Run Build Command:"/usr/bin/gmake" "cmTC_a6867/fast"
gmake: AVERTISSEMENT : le fichier « Makefile » a une date de modification 0,00088 s dans le futur
/usr/bin/gmake -f CMakeFiles/cmTC_a6867.dir/build.make CMakeFiles/cmTC_a6867.dir/build
gmake[1] : on entre dans le répertoire « /home/users/f/b/fbury/HHMEM/MEMWeight/MatrixElements/ttbar_semiLeptonic_WPlusHadronic/build/CMakeFiles/CMakeTmp »
gmake[1]: AVERTISSEMENT : le fichier « CMakeFiles/cmTC_a6867.dir/progress.make » a une date de modification 0,0036 s dans le futur
Building CXX object CMakeFiles/cmTC_a6867.dir/feature_tests.cxx.o
/cvmfs/cp3.uclouvain.be/gcc/gcc-7.3.0-sl7_amd64_gcc48/bin/c++    -std=c++1z -o CMakeFiles/cmTC_a6867.dir/feature_tests.cxx.o -c /home/ucl/cp3/fbury/HHMEM/MEMWeight/MatrixElements/ttbar_semiLeptonic_WPlusHadronic/build/CMakeFiles/feature_tests.cxx
Linking CXX executable cmTC_a6867
/cvmfs/cp3.uclouvain.be/cmake/cmake-3.9.6-Linux-x86_64/bin/cmake -E cmake_link_script CMakeFiles/cmTC_a6867.dir/link.txt --verbose=1
/cvmfs/cp3.uclouvain.be/gcc/gcc-7.3.0-sl7_amd64_gcc48/bin/c++       -rdynamic CMakeFiles/cmTC_a6867.dir/feature_tests.cxx.o  -o cmTC_a6867 
gmake[1]: AVERTISSEMENT : décalage d'horloge détecté. La construction peut être incomplète.
gmake[1] : on quitte le répertoire « /home/users/f/b/fbury/HHMEM/MEMWeight/MatrixElements/ttbar_semiLeptonic_WPlusHadronic/build/CMakeFiles/CMakeTmp »
gmake: AVERTISSEMENT : décalage d'horloge détecté. La construction peut être incomplète.


    Feature record: CXX_FEATURE:1cxx_aggregate_default_initializers
    Feature record: CXX_FEATURE:1cxx_alias_templates
    Feature record: CXX_FEATURE:1cxx_alignas
    Feature record: CXX_FEATURE:1cxx_alignof
    Feature record: CXX_FEATURE:1cxx_attributes
    Feature record: CXX_FEATURE:1cxx_attribute_deprecated
    Feature record: CXX_FEATURE:1cxx_auto_type
    Feature record: CXX_FEATURE:1cxx_binary_literals
    Feature record: CXX_FEATURE:1cxx_constexpr
    Feature record: CXX_FEATURE:1cxx_contextual_conversions
    Feature record: CXX_FEATURE:1cxx_decltype
    Feature record: CXX_FEATURE:1cxx_decltype_auto
    Feature record: CXX_FEATURE:1cxx_decltype_incomplete_return_types
    Feature record: CXX_FEATURE:1cxx_default_function_template_args
    Feature record: CXX_FEATURE:1cxx_defaulted_functions
    Feature record: CXX_FEATURE:1cxx_defaulted_move_initializers
    Feature record: CXX_FEATURE:1cxx_delegating_constructors
    Feature record: CXX_FEATURE:1cxx_deleted_functions
    Feature record: CXX_FEATURE:1cxx_digit_separators
    Feature record: CXX_FEATURE:1cxx_enum_forward_declarations
    Feature record: CXX_FEATURE:1cxx_explicit_conversions
    Feature record: CXX_FEATURE:1cxx_extended_friend_declarations
    Feature record: CXX_FEATURE:1cxx_extern_templates
    Feature record: CXX_FEATURE:1cxx_final
    Feature record: CXX_FEATURE:1cxx_func_identifier
    Feature record: CXX_FEATURE:1cxx_generalized_initializers
    Feature record: CXX_FEATURE:1cxx_generic_lambdas
    Feature record: CXX_FEATURE:1cxx_inheriting_constructors
    Feature record: CXX_FEATURE:1cxx_inline_namespaces
    Feature record: CXX_FEATURE:1cxx_lambdas
    Feature record: CXX_FEATURE:1cxx_lambda_init_captures
    Feature record: CXX_FEATURE:1cxx_local_type_template_args
    Feature record: CXX_FEATURE:1cxx_long_long_type
    Feature record: CXX_FEATURE:1cxx_noexcept
    Feature record: CXX_FEATURE:1cxx_nonstatic_member_init
    Feature record: CXX_FEATURE:1cxx_nullptr
    Feature record: CXX_FEATURE:1cxx_override
    Feature record: CXX_FEATURE:1cxx_range_for
    Feature record: CXX_FEATURE:1cxx_raw_string_literals
    Feature record: CXX_FEATURE:1cxx_reference_qualified_functions
    Feature record: CXX_FEATURE:1cxx_relaxed_constexpr
    Feature record: CXX_FEATURE:1cxx_return_type_deduction
    Feature record: CXX_FEATURE:1cxx_right_angle_brackets
    Feature record: CXX_FEATURE:1cxx_rvalue_references
    Feature record: CXX_FEATURE:1cxx_sizeof_member
    Feature record: CXX_FEATURE:1cxx_static_assert
    Feature record: CXX_FEATURE:1cxx_strong_enums
    Feature record: CXX_FEATURE:1cxx_template_template_parameters
    Feature record: CXX_FEATURE:1cxx_thread_local
    Feature record: CXX_FEATURE:1cxx_trailing_return_types
    Feature record: CXX_FEATURE:1cxx_unicode_literals
    Feature record: CXX_FEATURE:1cxx_uniform_initialization
    Feature record: CXX_FEATURE:1cxx_unrestricted_unions
    Feature record: CXX_FEATURE:1cxx_user_literals
    Feature record: CXX_FEATURE:1cxx_variable_templates
    Feature record: CXX_FEATURE:1cxx_variadic_macros
    Feature record: CXX_FEATURE:1cxx_variadic_templates


Detecting CXX [-std=c++14] compiler features compiled with the following output:
Change Dir: /home/ucl/cp3/fbury/HHMEM/MEMWeight/MatrixElements/ttbar_semiLeptonic_WPlusHadronic/build/CMakeFiles/CMakeTmp

Run Build Command:"/usr/bin/gmake" "cmTC_72458/fast"
/usr/bin/gmake -f CMakeFiles/cmTC_72458.dir/build.make CMakeFiles/cmTC_72458.dir/build
gmake[1] : on entre dans le répertoire « /home/users/f/b/fbury/HHMEM/MEMWeight/MatrixElements/ttbar_semiLeptonic_WPlusHadronic/build/CMakeFiles/CMakeTmp »
gmake[1]: AVERTISSEMENT : le fichier « CMakeFiles/cmTC_72458.dir/progress.make » a une date de modification 0,0007 s dans le futur
Building CXX object CMakeFiles/cmTC_72458.dir/feature_tests.cxx.o
/cvmfs/cp3.uclouvain.be/gcc/gcc-7.3.0-sl7_amd64_gcc48/bin/c++    -std=c++14 -o CMakeFiles/cmTC_72458.dir/feature_tests.cxx.o -c /home/ucl/cp3/fbury/HHMEM/MEMWeight/MatrixElements/ttbar_semiLeptonic_WPlusHadronic/build/CMakeFiles/feature_tests.cxx
Linking CXX executable cmTC_72458
/cvmfs/cp3.uclouvain.be/cmake/cmake-3.9.6-Linux-x86_64/bin/cmake -E cmake_link_script CMakeFiles/cmTC_72458.dir/link.txt --verbose=1
/cvmfs/cp3.uclouvain.be/gcc/gcc-7.3.0-sl7_amd64_gcc48/bin/c++       -rdynamic CMakeFiles/cmTC_72458.dir/feature_tests.cxx.o  -o cmTC_72458 
gmake[1]: AVERTISSEMENT : décalage d'horloge détecté. La construction peut être incomplète.
gmake[1] : on quitte le répertoire « /home/users/f/b/fbury/HHMEM/MEMWeight/MatrixElements/ttbar_semiLeptonic_WPlusHadronic/build/CMakeFiles/CMakeTmp »


    Feature record: CXX_FEATURE:1cxx_aggregate_default_initializers
    Feature record: CXX_FEATURE:1cxx_alias_templates
    Feature record: CXX_FEATURE:1cxx_alignas
    Feature record: CXX_FEATURE:1cxx_alignof
    Feature record: CXX_FEATURE:1cxx_attributes
    Feature record: CXX_FEATURE:1cxx_attribute_deprecated
    Feature record: CXX_FEATURE:1cxx_auto_type
    Feature record: CXX_FEATURE:1cxx_binary_literals
    Feature record: CXX_FEATURE:1cxx_constexpr
    Feature record: CXX_FEATURE:1cxx_contextual_conversions
    Feature record: CXX_FEATURE:1cxx_decltype
    Feature record: CXX_FEATURE:1cxx_decltype_auto
    Feature record: CXX_FEATURE:1cxx_decltype_incomplete_return_types
    Feature record: CXX_FEATURE:1cxx_default_function_template_args
    Feature record: CXX_FEATURE:1cxx_defaulted_functions
    Feature record: CXX_FEATURE:1cxx_defaulted_move_initializers
    Feature record: CXX_FEATURE:1cxx_delegating_constructors
    Feature record: CXX_FEATURE:1cxx_deleted_functions
    Feature record: CXX_FEATURE:1cxx_digit_separators
    Feature record: CXX_FEATURE:1cxx_enum_forward_declarations
    Feature record: CXX_FEATURE:1cxx_explicit_conversions
    Feature record: CXX_FEATURE:1cxx_extended_friend_declarations
    Feature record: CXX_FEATURE:1cxx_extern_templates
    Feature record: CXX_FEATURE:1cxx_final
    Feature record: CXX_FEATURE:1cxx_func_identifier
    Feature record: CXX_FEATURE:1cxx_generalized_initializers
    Feature record: CXX_FEATURE:1cxx_generic_lambdas
    Feature record: CXX_FEATURE:1cxx_inheriting_constructors
    Feature record: CXX_FEATURE:1cxx_inline_namespaces
    Feature record: CXX_FEATURE:1cxx_lambdas
    Feature record: CXX_FEATURE:1cxx_lambda_init_captures
    Feature record: CXX_FEATURE:1cxx_local_type_template_args
    Feature record: CXX_FEATURE:1cxx_long_long_type
    Feature record: CXX_FEATURE:1cxx_noexcept
    Feature record: CXX_FEATURE:1cxx_nonstatic_member_init
    Feature record: CXX_FEATURE:1cxx_nullptr
    Feature record: CXX_FEATURE:1cxx_override
    Feature record: CXX_FEATURE:1cxx_range_for
    Feature record: CXX_FEATURE:1cxx_raw_string_literals
    Feature record: CXX_FEATURE:1cxx_reference_qualified_functions
    Feature record: CXX_FEATURE:1cxx_relaxed_constexpr
    Feature record: CXX_FEATURE:1cxx_return_type_deduction
    Feature record: CXX_FEATURE:1cxx_right_angle_brackets
    Feature record: CXX_FEATURE:1cxx_rvalue_references
    Feature record: CXX_FEATURE:1cxx_sizeof_member
    Feature record: CXX_FEATURE:1cxx_static_assert
    Feature record: CXX_FEATURE:1cxx_strong_enums
    Feature record: CXX_FEATURE:1cxx_template_template_parameters
    Feature record: CXX_FEATURE:1cxx_thread_local
    Feature record: CXX_FEATURE:1cxx_trailing_return_types
    Feature record: CXX_FEATURE:1cxx_unicode_literals
    Feature record: CXX_FEATURE:1cxx_uniform_initialization
    Feature record: CXX_FEATURE:1cxx_unrestricted_unions
    Feature record: CXX_FEATURE:1cxx_user_literals
    Feature record: CXX_FEATURE:1cxx_variable_templates
    Feature record: CXX_FEATURE:1cxx_variadic_macros
    Feature record: CXX_FEATURE:1cxx_variadic_templates


Detecting CXX [-std=c++11] compiler features compiled with the following output:
Change Dir: /home/ucl/cp3/fbury/HHMEM/MEMWeight/MatrixElements/ttbar_semiLeptonic_WPlusHadronic/build/CMakeFiles/CMakeTmp

Run Build Command:"/usr/bin/gmake" "cmTC_12cbe/fast"
gmake: AVERTISSEMENT : le fichier « Makefile » a une date de modification 0,0019 s dans le futur
/usr/bin/gmake -f CMakeFiles/cmTC_12cbe.dir/build.make CMakeFiles/cmTC_12cbe.dir/build
gmake[1] : on entre dans le répertoire « /home/users/f/b/fbury/HHMEM/MEMWeight/MatrixElements/ttbar_semiLeptonic_WPlusHadronic/build/CMakeFiles/CMakeTmp »
gmake[1]: AVERTISSEMENT : le fichier « CMakeFiles/cmTC_12cbe.dir/progress.make » a une date de modification 0,0041 s dans le futur
Building CXX object CMakeFiles/cmTC_12cbe.dir/feature_tests.cxx.o
/cvmfs/cp3.uclouvain.be/gcc/gcc-7.3.0-sl7_amd64_gcc48/bin/c++    -std=c++11 -o CMakeFiles/cmTC_12cbe.dir/feature_tests.cxx.o -c /home/ucl/cp3/fbury/HHMEM/MEMWeight/MatrixElements/ttbar_semiLeptonic_WPlusHadronic/build/CMakeFiles/feature_tests.cxx
Linking CXX executable cmTC_12cbe
/cvmfs/cp3.uclouvain.be/cmake/cmake-3.9.6-Linux-x86_64/bin/cmake -E cmake_link_script CMakeFiles/cmTC_12cbe.dir/link.txt --verbose=1
/cvmfs/cp3.uclouvain.be/gcc/gcc-7.3.0-sl7_amd64_gcc48/bin/c++       -rdynamic CMakeFiles/cmTC_12cbe.dir/feature_tests.cxx.o  -o cmTC_12cbe 
gmake[1]: AVERTISSEMENT : décalage d'horloge détecté. La construction peut être incomplète.
gmake[1] : on quitte le répertoire « /home/users/f/b/fbury/HHMEM/MEMWeight/MatrixElements/ttbar_semiLeptonic_WPlusHadronic/build/CMakeFiles/CMakeTmp »
gmake: AVERTISSEMENT : décalage d'horloge détecté. La construction peut être incomplète.


    Feature record: CXX_FEATURE:0cxx_aggregate_default_initializers
    Feature record: CXX_FEATURE:1cxx_alias_templates
    Feature record: CXX_FEATURE:1cxx_alignas
    Feature record: CXX_FEATURE:1cxx_alignof
    Feature record: CXX_FEATURE:1cxx_attributes
    Feature record: CXX_FEATURE:0cxx_attribute_deprecated
    Feature record: CXX_FEATURE:1cxx_auto_type
    Feature record: CXX_FEATURE:0cxx_binary_literals
    Feature record: CXX_FEATURE:1cxx_constexpr
    Feature record: CXX_FEATURE:0cxx_contextual_conversions
    Feature record: CXX_FEATURE:1cxx_decltype
    Feature record: CXX_FEATURE:0cxx_decltype_auto
    Feature record: CXX_FEATURE:1cxx_decltype_incomplete_return_types
    Feature record: CXX_FEATURE:1cxx_default_function_template_args
    Feature record: CXX_FEATURE:1cxx_defaulted_functions
    Feature record: CXX_FEATURE:1cxx_defaulted_move_initializers
    Feature record: CXX_FEATURE:1cxx_delegating_constructors
    Feature record: CXX_FEATURE:1cxx_deleted_functions
    Feature record: CXX_FEATURE:0cxx_digit_separators
    Feature record: CXX_FEATURE:1cxx_enum_forward_declarations
    Feature record: CXX_FEATURE:1cxx_explicit_conversions
    Feature record: CXX_FEATURE:1cxx_extended_friend_declarations
    Feature record: CXX_FEATURE:1cxx_extern_templates
    Feature record: CXX_FEATURE:1cxx_final
    Feature record: CXX_FEATURE:1cxx_func_identifier
    Feature record: CXX_FEATURE:1cxx_generalized_initializers
    Feature record: CXX_FEATURE:0cxx_generic_lambdas
    Feature record: CXX_FEATURE:1cxx_inheriting_constructors
    Feature record: CXX_FEATURE:1cxx_inline_namespaces
    Feature record: CXX_FEATURE:1cxx_lambdas
    Feature record: CXX_FEATURE:0cxx_lambda_init_captures
    Feature record: CXX_FEATURE:1cxx_local_type_template_args
    Feature record: CXX_FEATURE:1cxx_long_long_type
    Feature record: CXX_FEATURE:1cxx_noexcept
    Feature record: CXX_FEATURE:1cxx_nonstatic_member_init
    Feature record: CXX_FEATURE:1cxx_nullptr
    Feature record: CXX_FEATURE:1cxx_override
    Feature record: CXX_FEATURE:1cxx_range_for
    Feature record: CXX_FEATURE:1cxx_raw_string_literals
    Feature record: CXX_FEATURE:1cxx_reference_qualified_functions
    Feature record: CXX_FEATURE:0cxx_relaxed_constexpr
    Feature record: CXX_FEATURE:0cxx_return_type_deduction
    Feature record: CXX_FEATURE:1cxx_right_angle_brackets
    Feature record: CXX_FEATURE:1cxx_rvalue_references
    Feature record: CXX_FEATURE:1cxx_sizeof_member
    Feature record: CXX_FEATURE:1cxx_static_assert
    Feature record: CXX_FEATURE:1cxx_strong_enums
    Feature record: CXX_FEATURE:1cxx_template_template_parameters
    Feature record: CXX_FEATURE:1cxx_thread_local
    Feature record: CXX_FEATURE:1cxx_trailing_return_types
    Feature record: CXX_FEATURE:1cxx_unicode_literals
    Feature record: CXX_FEATURE:1cxx_uniform_initialization
    Feature record: CXX_FEATURE:1cxx_unrestricted_unions
    Feature record: CXX_FEATURE:1cxx_user_literals
    Feature record: CXX_FEATURE:0cxx_variable_templates
    Feature record: CXX_FEATURE:1cxx_variadic_macros
    Feature record: CXX_FEATURE:1cxx_variadic_templates


Detecting CXX [-std=c++98] compiler features compiled with the following output:
Change Dir: /home/ucl/cp3/fbury/HHMEM/MEMWeight/MatrixElements/ttbar_semiLeptonic_WPlusHadronic/build/CMakeFiles/CMakeTmp

Run Build Command:"/usr/bin/gmake" "cmTC_3f7f5/fast"
/usr/bin/gmake -f CMakeFiles/cmTC_3f7f5.dir/build.make CMakeFiles/cmTC_3f7f5.dir/build
gmake[1] : on entre dans le répertoire « /home/users/f/b/fbury/HHMEM/MEMWeight/MatrixElements/ttbar_semiLeptonic_WPlusHadronic/build/CMakeFiles/CMakeTmp »
gmake[1]: AVERTISSEMENT : le fichier « CMakeFiles/cmTC_3f7f5.dir/progress.make » a une date de modification 0,0019 s dans le futur
Building CXX object CMakeFiles/cmTC_3f7f5.dir/feature_tests.cxx.o
/cvmfs/cp3.uclouvain.be/gcc/gcc-7.3.0-sl7_amd64_gcc48/bin/c++    -std=c++98 -o CMakeFiles/cmTC_3f7f5.dir/feature_tests.cxx.o -c /home/ucl/cp3/fbury/HHMEM/MEMWeight/MatrixElements/ttbar_semiLeptonic_WPlusHadronic/build/CMakeFiles/feature_tests.cxx
Linking CXX executable cmTC_3f7f5
/cvmfs/cp3.uclouvain.be/cmake/cmake-3.9.6-Linux-x86_64/bin/cmake -E cmake_link_script CMakeFiles/cmTC_3f7f5.dir/link.txt --verbose=1
/cvmfs/cp3.uclouvain.be/gcc/gcc-7.3.0-sl7_amd64_gcc48/bin/c++       -rdynamic CMakeFiles/cmTC_3f7f5.dir/feature_tests.cxx.o  -o cmTC_3f7f5 
gmake[1]: AVERTISSEMENT : décalage d'horloge détecté. La construction peut être incomplète.
gmake[1] : on quitte le répertoire « /home/users/f/b/fbury/HHMEM/MEMWeight/MatrixElements/ttbar_semiLeptonic_WPlusHadronic/build/CMakeFiles/CMakeTmp »


    Feature record: CXX_FEATURE:0cxx_aggregate_default_initializers
    Feature record: CXX_FEATURE:0cxx_alias_templates
    Feature record: CXX_FEATURE:0cxx_alignas
    Feature record: CXX_FEATURE:0cxx_alignof
    Feature record: CXX_FEATURE:0cxx_attributes
    Feature record: CXX_FEATURE:0cxx_attribute_deprecated
    Feature record: CXX_FEATURE:0cxx_auto_type
    Feature record: CXX_FEATURE:0cxx_binary_literals
    Feature record: CXX_FEATURE:0cxx_constexpr
    Feature record: CXX_FEATURE:0cxx_contextual_conversions
    Feature record: CXX_FEATURE:0cxx_decltype
    Feature record: CXX_FEATURE:0cxx_decltype_auto
    Feature record: CXX_FEATURE:0cxx_decltype_incomplete_return_types
    Feature record: CXX_FEATURE:0cxx_default_function_template_args
    Feature record: CXX_FEATURE:0cxx_defaulted_functions
    Feature record: CXX_FEATURE:0cxx_defaulted_move_initializers
    Feature record: CXX_FEATURE:0cxx_delegating_constructors
    Feature record: CXX_FEATURE:0cxx_deleted_functions
    Feature record: CXX_FEATURE:0cxx_digit_separators
    Feature record: CXX_FEATURE:0cxx_enum_forward_declarations
    Feature record: CXX_FEATURE:0cxx_explicit_conversions
    Feature record: CXX_FEATURE:0cxx_extended_friend_declarations
    Feature record: CXX_FEATURE:0cxx_extern_templates
    Feature record: CXX_FEATURE:0cxx_final
    Feature record: CXX_FEATURE:0cxx_func_identifier
    Feature record: CXX_FEATURE:0cxx_generalized_initializers
    Feature record: CXX_FEATURE:0cxx_generic_lambdas
    Feature record: CXX_FEATURE:0cxx_inheriting_constructors
    Feature record: CXX_FEATURE:0cxx_inline_namespaces
    Feature record: CXX_FEATURE:0cxx_lambdas
    Feature record: CXX_FEATURE:0cxx_lambda_init_captures
    Feature record: CXX_FEATURE:0cxx_local_type_template_args
    Feature record: CXX_FEATURE:0cxx_long_long_type
    Feature record: CXX_FEATURE:0cxx_noexcept
    Feature record: CXX_FEATURE:0cxx_nonstatic_member_init
    Feature record: CXX_FEATURE:0cxx_nullptr
    Feature record: CXX_FEATURE:0cxx_override
    Feature record: CXX_FEATURE:0cxx_range_for
    Feature record: CXX_FEATURE:0cxx_raw_string_literals
    Feature record: CXX_FEATURE:0cxx_reference_qualified_functions
    Feature record: CXX_FEATURE:0cxx_relaxed_constexpr
    Feature record: CXX_FEATURE:0cxx_return_type_deduction
    Feature record: CXX_FEATURE:0cxx_right_angle_brackets
    Feature record: CXX_FEATURE:0cxx_rvalue_references
    Feature record: CXX_FEATURE:0cxx_sizeof_member
    Feature record: CXX_FEATURE:0cxx_static_assert
    Feature record: CXX_FEATURE:0cxx_strong_enums
    Feature record: CXX_FEATURE:1cxx_template_template_parameters
    Feature record: CXX_FEATURE:0cxx_thread_local
    Feature record: CXX_FEATURE:0cxx_trailing_return_types
    Feature record: CXX_FEATURE:0cxx_unicode_literals
    Feature record: CXX_FEATURE:0cxx_uniform_initialization
    Feature record: CXX_FEATURE:0cxx_unrestricted_unions
    Feature record: CXX_FEATURE:0cxx_user_literals
    Feature record: CXX_FEATURE:0cxx_variable_templates
    Feature record: CXX_FEATURE:0cxx_variadic_macros
    Feature record: CXX_FEATURE:0cxx_variadic_templates
